--------------------------------------------------
ZeroClaw Internal: Market Breadth Pipeline Execution
--------------------------------------------------
[Playwright] Launching Chromium to bypass WAF...
[Breadth Scraper] Navigating to Wall Street Journal Market Diary...

[Extracted Metrics as of 2026-03-29]
Advances:  615
Declines:  2159
Unchanged: 64
Up Vol:    1612330788
Down Vol:  3723025996

Appending to local historical CSV database...
Skipping _NYADV.csv - Today's date (03/29/2026) already exists.
Skipping _NYdec.csv - Today's date (03/29/2026) already exists.
Skipping _NYADu.csv - Today's date (03/29/2026) already exists.
Skipping _NYupv.csv - Today's date (03/29/2026) already exists.
Skipping _NYdnv.csv - Today's date (03/29/2026) already exists.
Market Breadth Sync Complete.
[DB Architect] Automatically syncing daily Market Breadth via breadth_scraper.py...
[DB Architect] Establishing local SQLite connection...
[DB Architect] Fetching 25-Year Core Market Data (+VUSTX, +TNX, +CL=F, +MOVE, Volatility Term Structure)...
[DB Architect] Flattening OHLC structures...
[DB Architect] Synthesizing Proprietary SPY Candlestick Rejection Vectors...
[DB Architect] Calculating True Strength Indicators (TSI)...
[DB Architect] Synthesizing VIX/TNX Cross-Asset Derivatives...
[DB Architect] Synthesizing Phase 94 Volatility Term-Structure Physics (Contango vs Backwardation)...
[DB Architect] Mapping 200-Day Geometries and Percentage Displacements...
[DB Architect] Computing 12-26-9 PPO Arrays for SPY, VUSTX, and Gold (GC)...
[DB Architect] Computing 20-Period Chaikin Money Flow (CMF) Arrays...
[DB Architect] Mapping Macro Credit Spreads and Yield Curves from FRED...
[DB Architect] Creating MOVE vs VIX Momentum Velocity Matrix...
[DB Architect] Compiling SPY vs VUSTX Relative Performance & Z-Scores...
[DB Architect] Computing Phase 128 Global Macro Accelerations & Jerk...
[DB Architect] Computing Phase 129 SPY / RSP Breadth Momentum...
[DB Architect] Synthesizing Phase 96: Dr. Copper vs Gold Cointegration Arbitrage...
[DB Architect] Synthesizing Phase 121 Absolute Black-Swan Forensics...
[DB Architect] Integrating Pure StockCharts Market Breadth & Sentiment Arrays...
 -> Mapping NYADV vector...
 -> Mapping NYDEC vector...
 -> Mapping NYUPV vector...
 -> Mapping NYDNV vector...
 -> Mapping NYA200R vector...
 -> Mapping CPC vector...
 -> Mapping CPCE vector...
 -> Mapping NYADU vector...
 -> Synthesizing McClellan Price Oscillator...
 -> Synthesizing McClellan Volume Oscillator...
 -> Synthesizing Advanced A/D Line Mechanics...
 -> Smoothing Options Ratios (CPC / CPCE)...
[DB Architect] Connecting ALFRED Secure API -> RECPROUSM156N
[DB Architect] Connecting ALFRED Secure API -> BOGMBASE
Traceback (most recent call last):
  File "/Users/milocobb/Desktop/Recent Swarm Papers/quant_framework/src/data/database_builder.py", line 527, in <module>
    build_database()
  File "/Users/milocobb/Desktop/Recent Swarm Papers/quant_framework/src/data/database_builder.py", line 366, in build_database
    alfred_data[ticker] = fetch_alfred_vintage(ticker)
                          ^^^^^^^^^^^^^^^^^^^^^^^^^^^^
  File "/Users/milocobb/Desktop/Recent Swarm Papers/quant_framework/src/data/database_builder.py", line 20, in fetch_alfred_vintage
    r = requests.get(url)
        ^^^^^^^^^^^^^^^^^
  File "/Users/milocobb/Desktop/Recent Swarm Papers/quant_framework/venv/lib/python3.12/site-packages/requests/api.py", line 73, in get
    return request("get", url, params=params, **kwargs)
           ^^^^^^^^^^^^^^^^^^^^^^^^^^^^^^^^^^^^^^^^^^^^
  File "/Users/milocobb/Desktop/Recent Swarm Papers/quant_framework/venv/lib/python3.12/site-packages/requests/api.py", line 59, in request
    return session.request(method=method, url=url, **kwargs)
           ^^^^^^^^^^^^^^^^^^^^^^^^^^^^^^^^^^^^^^^^^^^^^^^^^
  File "/Users/milocobb/Desktop/Recent Swarm Papers/quant_framework/venv/lib/python3.12/site-packages/requests/sessions.py", line 589, in request
    resp = self.send(prep, **send_kwargs)
           ^^^^^^^^^^^^^^^^^^^^^^^^^^^^^^
  File "/Users/milocobb/Desktop/Recent Swarm Papers/quant_framework/venv/lib/python3.12/site-packages/requests/sessions.py", line 703, in send
    r = adapter.send(request, **kwargs)
        ^^^^^^^^^^^^^^^^^^^^^^^^^^^^^^^
  File "/Users/milocobb/Desktop/Recent Swarm Papers/quant_framework/venv/lib/python3.12/site-packages/requests/adapters.py", line 644, in send
    resp = conn.urlopen(
           ^^^^^^^^^^^^^
  File "/Users/milocobb/Desktop/Recent Swarm Papers/quant_framework/venv/lib/python3.12/site-packages/urllib3/connectionpool.py", line 787, in urlopen
    response = self._make_request(
               ^^^^^^^^^^^^^^^^^^^
  File "/Users/milocobb/Desktop/Recent Swarm Papers/quant_framework/venv/lib/python3.12/site-packages/urllib3/connectionpool.py", line 534, in _make_request
    response = conn.getresponse()
               ^^^^^^^^^^^^^^^^^^
  File "/Users/milocobb/Desktop/Recent Swarm Papers/quant_framework/venv/lib/python3.12/site-packages/urllib3/connection.py", line 571, in getresponse
    httplib_response = super().getresponse()
                       ^^^^^^^^^^^^^^^^^^^^^
  File "/opt/homebrew/Cellar/python@3.12/3.12.13/Frameworks/Python.framework/Versions/3.12/lib/python3.12/http/client.py", line 1450, in getresponse
    response.begin()
  File "/opt/homebrew/Cellar/python@3.12/3.12.13/Frameworks/Python.framework/Versions/3.12/lib/python3.12/http/client.py", line 336, in begin
    version, status, reason = self._read_status()
                              ^^^^^^^^^^^^^^^^^^^
  File "/opt/homebrew/Cellar/python@3.12/3.12.13/Frameworks/Python.framework/Versions/3.12/lib/python3.12/http/client.py", line 297, in _read_status
    line = str(self.fp.readline(_MAXLINE + 1), "iso-8859-1")
               ^^^^^^^^^^^^^^^^^^^^^^^^^^^^^^
  File "/opt/homebrew/Cellar/python@3.12/3.12.13/Frameworks/Python.framework/Versions/3.12/lib/python3.12/socket.py", line 720, in readinto
    return self._sock.recv_into(b)
           ^^^^^^^^^^^^^^^^^^^^^^^
  File "/opt/homebrew/Cellar/python@3.12/3.12.13/Frameworks/Python.framework/Versions/3.12/lib/python3.12/ssl.py", line 1251, in recv_into
    return self.read(nbytes, buffer)
           ^^^^^^^^^^^^^^^^^^^^^^^^^
  File "/opt/homebrew/Cellar/python@3.12/3.12.13/Frameworks/Python.framework/Versions/3.12/lib/python3.12/ssl.py", line 1103, in read
    return self._sslobj.read(len, buffer)
           ^^^^^^^^^^^^^^^^^^^^^^^^^^^^^^
KeyboardInterrupt
